<?xml version="1.0" encoding="UTF-8"?>
<!-- Generated by org.testng.reporters.JUnitReportReporter -->
<testsuite hostname="Dell-PC" failures="0" tests="1" name="TestNG.Test_04" time="13.012" errors="0" timestamp="2022-08-12T23:27:06 IST" skipped="0">
  <testcase classname="TestNG.Test_04" name="Test_004" time="13.012"/>
  <system-out/>
</testsuite> <!-- TestNG.Test_04 -->
