<?xml version="1.0" encoding="UTF-8"?>
<!-- Generated by org.testng.reporters.JUnitReportReporter -->
<testsuite hostname="Dell-PC" failures="0" tests="4" name="Test_2.Test_2_2" time="0.062" errors="0" timestamp="2022-08-13T08:21:21 IST" skipped="0">
  <testcase classname="Test_2.Test_2_2" name="D" time="0.009"/>
  <system-out/>
  <testcase classname="Test_2.Test_2_2" name="C" time="0.009"/>
  <system-out/>
  <testcase classname="Test_2.Test_2_2" name="B" time="0.014"/>
  <system-out/>
  <testcase classname="Test_2.Test_2_2" name="A" time="0.030"/>
  <system-out/>
</testsuite> <!-- Test_2.Test_2_2 -->
