<?xml version="1.0" encoding="UTF-8"?>
<!-- Generated by org.testng.reporters.JUnitReportReporter -->
<testsuite hostname="Dell-PC" failures="0" tests="3" name="Test_2.Test_90" time="0.034" errors="0" timestamp="2022-08-09T21:10:39 IST" skipped="0">
  <testcase classname="Test_2.Test_90" name="test_tc_001_3" time="0.005"/>
  <system-out/>
  <testcase classname="Test_2.Test_90" name="test_tc_001_2" time="0.001"/>
  <system-out/>
  <testcase classname="Test_2.Test_90" name="test_tc_001_1" time="0.028"/>
  <system-out/>
</testsuite> <!-- Test_2.Test_90 -->
