<?xml version="1.0" encoding="UTF-8"?>
<!-- Generated by org.testng.reporters.JUnitReportReporter -->
<testsuite hostname="Dell-PC" failures="0" tests="4" name="Test_2.Test_2_1" time="32.380" errors="0" timestamp="2022-08-12T09:12:19 IST" skipped="0">
  <testcase classname="Test_2.Test_2_1" name="Test4" time="7.011"/>
  <system-out/>
  <testcase classname="Test_2.Test_2_1" name="Test1" time="7.564"/>
  <system-out/>
  <testcase classname="Test_2.Test_2_1" name="Test2" time="12.072"/>
  <system-out/>
  <testcase classname="Test_2.Test_2_1" name="Test3" time="5.733"/>
  <system-out/>
</testsuite> <!-- Test_2.Test_2_1 -->
