<?xml version="1.0" encoding="UTF-8"?>
<!-- Generated by org.testng.reporters.JUnitReportReporter -->
<testsuite hostname="Dell-PC" failures="0" tests="1" name="TestNG.Test_03" time="16.299" errors="0" timestamp="2022-08-12T23:23:23 IST" skipped="0">
  <testcase classname="TestNG.Test_03" name="Testfb" time="16.299"/>
  <system-out/>
</testsuite> <!-- TestNG.Test_03 -->
