<?xml version="1.0" encoding="UTF-8"?>
<!-- Generated by org.testng.reporters.JUnitReportReporter -->
<testsuite hostname="Dell-PC" failures="0" tests="3" name="TestNG.Test_08" time="0.002" errors="0" timestamp="2022-08-13T10:32:23 IST" skipped="1">
  <testcase classname="TestNG.Test_08" name="C" time="0.001"/>
  <system-out/>
  <testcase classname="TestNG.Test_08" name="B" time="0.001"/>
  <system-out/>
  <testcase classname="TestNG.Test_08" name="A">
    <skipped/>
  </testcase> <!-- A -->
  <system-out/>
</testsuite> <!-- TestNG.Test_08 -->
