<?xml version="1.0" encoding="UTF-8"?>
<!-- Generated by org.testng.reporters.JUnitReportReporter -->
<testsuite hostname="Dell-PC" failures="0" tests="4" name="TestNG.Test_09" time="0.029" errors="0" timestamp="2022-08-13T10:32:23 IST" skipped="0">
  <testcase classname="TestNG.Test_09" name="A" time="0.001"/>
  <system-out/>
  <testcase classname="TestNG.Test_09" name="A" time="0.001"/>
  <system-out/>
  <testcase classname="TestNG.Test_09" name="A" time="0.023"/>
  <system-out/>
  <testcase classname="TestNG.Test_09" name="B" time="0.004"/>
  <system-out/>
</testsuite> <!-- TestNG.Test_09 -->
