<?xml version="1.0" encoding="UTF-8"?>
<!-- Generated by org.testng.reporters.JUnitReportReporter -->
<testsuite hostname="Dell-PC" failures="0" tests="2" name="Test_2.Test_T1" time="0.037" errors="0" timestamp="2022-08-12T09:11:10 IST" skipped="0">
  <testcase classname="Test_2.Test_T1" name="Test_2" time="0.004"/>
  <system-out/>
  <testcase classname="Test_2.Test_T1" name="Test_1" time="0.033"/>
  <system-out/>
</testsuite> <!-- Test_2.Test_T1 -->
