<?xml version="1.0" encoding="UTF-8"?>
<!-- Generated by org.testng.reporters.JUnitReportReporter -->
<testsuite hostname="Dell-PC" failures="0" tests="2" name="TestNG.Test_05" time="23.530" errors="0" timestamp="2022-08-13T00:01:39 IST" skipped="0">
  <testcase classname="TestNG.Test_05" name="password" time="12.407"/>
  <system-out/>
  <testcase classname="TestNG.Test_05" name="email" time="11.123"/>
  <system-out/>
</testsuite> <!-- TestNG.Test_05 -->
