<?xml version="1.0" encoding="UTF-8"?>
<!-- Generated by org.testng.reporters.JUnitReportReporter -->
<testsuite hostname="Dell-PC" failures="0" tests="4" name="TestNG.Test_01" time="0.036" errors="0" timestamp="2022-08-12T23:00:43 IST" skipped="0">
  <testcase classname="TestNG.Test_01" name="Test_003" time="0.002"/>
  <system-out/>
  <testcase classname="TestNG.Test_01" name="Test_001" time="0.019"/>
  <system-out/>
  <testcase classname="TestNG.Test_01" name="Test_002" time="0.008"/>
  <system-out/>
  <testcase classname="TestNG.Test_01" name="Test_004" time="0.007"/>
  <system-out/>
</testsuite> <!-- TestNG.Test_01 -->
