<?xml version="1.0" encoding="UTF-8"?>
<!-- Generated by org.testng.reporters.JUnitReportReporter -->
<testsuite hostname="Dell-PC" failures="0" tests="2" name="TestNG.Test_02" time="0.029" errors="0" timestamp="2022-08-12T23:08:58 IST" skipped="0">
  <testcase classname="TestNG.Test_02" name="Test_2" time="0.006"/>
  <system-out/>
  <testcase classname="TestNG.Test_02" name="Test_1" time="0.023"/>
  <system-out/>
</testsuite> <!-- TestNG.Test_02 -->
