<?xml version="1.0" encoding="UTF-8"?>
<!-- Generated by org.testng.reporters.JUnitReportReporter -->
<testsuite hostname="Dell-PC" failures="0" tests="1" name="Test_2.Test91" time="21.065" errors="0" timestamp="2022-08-10T00:16:16 IST" skipped="0">
  <testcase classname="Test_2.Test91" name="Testfb" time="21.065"/>
  <system-out/>
</testsuite> <!-- Test_2.Test91 -->
