<?xml version="1.0" encoding="UTF-8"?>
<!-- Generated by org.testng.reporters.JUnitReportReporter -->
<testsuite hostname="Dell-PC" failures="0" tests="2" name="Testing.Team1" time="0.029" errors="0" timestamp="2022-08-12T22:48:37 IST" skipped="0">
  <testcase classname="Testing.Team1" name="Test_2" time="0.006"/>
  <system-out/>
  <testcase classname="Testing.Team1" name="Test_1" time="0.023"/>
  <system-out/>
</testsuite> <!-- Testing.Team1 -->
