<?xml version="1.0" encoding="UTF-8"?>
<!-- Generated by org.testng.reporters.JUnitReportReporter -->
<testsuite hostname="Dell-PC" failures="0" tests="5" name="TestNG.Test_07" time="0.009" errors="0" timestamp="2022-08-13T10:32:23 IST" skipped="0">
  <testcase classname="TestNG.Test_07" name="E" time="0.002"/>
  <system-out/>
  <testcase classname="TestNG.Test_07" name="D" time="0.001"/>
  <system-out/>
  <testcase classname="TestNG.Test_07" name="C" time="0.001"/>
  <system-out/>
  <testcase classname="TestNG.Test_07" name="A" time="0.003"/>
  <system-out/>
  <testcase classname="TestNG.Test_07" name="B" time="0.002"/>
  <system-out/>
</testsuite> <!-- TestNG.Test_07 -->
