<?xml version="1.0" encoding="UTF-8"?>
<!-- Generated by org.testng.reporters.JUnitReportReporter -->
<testsuite hostname="Dell-PC" failures="0" tests="4" name="TestNG.Test_06" time="0.032" errors="0" timestamp="2022-08-13T10:32:23 IST" skipped="0">
  <testcase classname="TestNG.Test_06" name="B" time="0.012"/>
  <system-out/>
  <testcase classname="TestNG.Test_06" name="C" time="0.001"/>
  <system-out/>
  <testcase classname="TestNG.Test_06" name="D" time="0.002"/>
  <system-out/>
  <testcase classname="TestNG.Test_06" name="A" time="0.017"/>
  <system-out/>
</testsuite> <!-- TestNG.Test_06 -->
