<?xml version="1.0" encoding="UTF-8"?>
<!-- Generated by org.testng.reporters.JUnitReportReporter -->
<testsuite hostname="Dell-PC" failures="0" tests="1" name="Test_2.Test_3" time="13.398" errors="0" timestamp="2022-08-12T20:24:04 IST" skipped="0">
  <testcase classname="Test_2.Test_3" name="Test3" time="13.398"/>
  <system-out/>
</testsuite> <!-- Test_2.Test_3 -->
